app/build/intermediates/manifest_merge_blame_file/debug/manifest-merger-blame-debug-report.txt
1<?xml version="1.0" encoding="utf-8"?>
2<manifest xmlns:android="http://schemas.android.com/apk/res/android"
3    package="com.example.tfjtest"
4    android:versionCode="1"
5    android:versionName="1.0" >
6
7    <uses-sdk
8        android:minSdkVersion="24"
8-->src/main/AndroidManifest.xml
9        android:targetSdkVersion="30" />
9-->src/main/AndroidManifest.xml
10
11    <uses-permission android:name="android.permission.READ_EXTERNAL_STORAGE" />
11-->src/main/AndroidManifest.xml:5:5-80
11-->src/main/AndroidManifest.xml:5:22-77
12    <uses-permission android:name="android.permission.WRITE_EXTERNAL_STORAGE" />
12-->src/main/AndroidManifest.xml:6:5-81
12-->src/main/AndroidManifest.xml:6:22-78
13    <uses-permission android:name="android.permission.CAMERA" />
13-->src/main/AndroidManifest.xml:7:5-65
13-->src/main/AndroidManifest.xml:7:22-62
14    <uses-permission android:name="android.permission.INTERNET" />
14-->[com.github.wseemann:FFmpegMediaMetadataRetriever-core:1.0.15] AndroidManifest.xml:11:5-67
14-->[com.github.wseemann:FFmpegMediaMetadataRetriever-core:1.0.15] AndroidManifest.xml:11:22-64
15    <uses-permission android:name="android.permission.GET_TASKS" />
15-->[com.zxy.android:recovery:1.0.0] AndroidManifest.xml:11:5-68
15-->[com.zxy.android:recovery:1.0.0] AndroidManifest.xml:11:22-65
16
17    <application
17-->src/main/AndroidManifest.xml:9:5-29:19
18        android:allowBackup="true"
18-->src/main/AndroidManifest.xml:10:9-35
19        android:appComponentFactory="androidx.core.app.CoreComponentFactory"
19-->[androidx.core:core:1.3.1] AndroidManifest.xml:24:18-86
20        android:debuggable="true"
21        android:extractNativeLibs="false"
22        android:icon="@mipmap/mnn_icon"
22-->src/main/AndroidManifest.xml:11:9-40
23        android:label="LaneDetect"
23-->src/main/AndroidManifest.xml:12:9-35
24        android:roundIcon="@mipmap/mnn_icon"
24-->src/main/AndroidManifest.xml:13:9-45
25        android:supportsRtl="true"
25-->src/main/AndroidManifest.xml:14:9-35
26        android:testOnly="true"
27        android:theme="@style/Theme.MNNDemo" >
27-->src/main/AndroidManifest.xml:15:9-45
28        <activity
28-->src/main/AndroidManifest.xml:16:9-24:20
29            android:name="com.example.tfjtest.activity.WelcomeActivity"
29-->src/main/AndroidManifest.xml:17:13-53
30            android:theme="@style/AppNoTitleTheme" >
30-->src/main/AndroidManifest.xml:18:13-51
31            <intent-filter>
31-->src/main/AndroidManifest.xml:19:13-23:29
32                <action android:name="android.intent.action.MAIN" />
32-->src/main/AndroidManifest.xml:20:17-69
32-->src/main/AndroidManifest.xml:20:25-66
33
34                <category android:name="android.intent.category.LAUNCHER" />
34-->src/main/AndroidManifest.xml:22:17-77
34-->src/main/AndroidManifest.xml:22:27-74
35            </intent-filter>
36        </activity>
37        <activity
37-->src/main/AndroidManifest.xml:26:9-28:54
38            android:name="com.example.tfjtest.activity.MainActivity"
38-->src/main/AndroidManifest.xml:27:13-50
39            android:theme="@style/AppNoTitleTheme" />
39-->src/main/AndroidManifest.xml:28:13-51
40
41        <provider
41-->[androidx.camera:camera-camera2:1.0.0-alpha05] AndroidManifest.xml:25:9-30:43
42            android:name="androidx.camera.camera2.impl.Camera2Initializer"
42-->[androidx.camera:camera-camera2:1.0.0-alpha05] AndroidManifest.xml:26:13-75
43            android:authorities="com.example.tfjtest.camerax-init"
43-->[androidx.camera:camera-camera2:1.0.0-alpha05] AndroidManifest.xml:27:13-64
44            android:exported="false"
44-->[androidx.camera:camera-camera2:1.0.0-alpha05] AndroidManifest.xml:28:13-37
45            android:initOrder="100"
45-->[androidx.camera:camera-camera2:1.0.0-alpha05] AndroidManifest.xml:29:13-36
46            android:multiprocess="true" />
46-->[androidx.camera:camera-camera2:1.0.0-alpha05] AndroidManifest.xml:30:13-40
47
48        <activity
48-->[com.zxy.android:recovery:1.0.0] AndroidManifest.xml:16:9-23:20
49            android:name="com.zxy.recovery.core.RecoveryActivity"
49-->[com.zxy.android:recovery:1.0.0] AndroidManifest.xml:17:13-66
50            android:excludeFromRecents="true"
50-->[com.zxy.android:recovery:1.0.0] AndroidManifest.xml:18:13-46
51            android:noHistory="true"
51-->[com.zxy.android:recovery:1.0.0] AndroidManifest.xml:19:13-37
52            android:process=":recover"
52-->[com.zxy.android:recovery:1.0.0] AndroidManifest.xml:20:13-39
53            android:screenOrientation="portrait"
53-->[com.zxy.android:recovery:1.0.0] AndroidManifest.xml:21:13-49
54            android:theme="@style/RecoveryTheme.NoActionBar" >
54-->[com.zxy.android:recovery:1.0.0] AndroidManifest.xml:22:13-61
55        </activity>
56
57        <service
57-->[com.zxy.android:recovery:1.0.0] AndroidManifest.xml:25:9-30:19
58            android:name="com.zxy.recovery.core.RecoveryService"
58-->[com.zxy.android:recovery:1.0.0] AndroidManifest.xml:26:13-65
59            android:enabled="true"
59-->[com.zxy.android:recovery:1.0.0] AndroidManifest.xml:27:13-35
60            android:exported="false"
60-->[com.zxy.android:recovery:1.0.0] AndroidManifest.xml:28:13-37
61            android:process=":recover" >
61-->[com.zxy.android:recovery:1.0.0] AndroidManifest.xml:29:13-39
62        </service>
63    </application>
64
65</manifest>